# Logfile created on 2021-07-01 20:48:27 -0400 by logger.rb/v1.4.3
D, [2021-07-01T20:48:33.314637 #15108] DEBUG -- : MONGODB | Topology type 'unknown' initializing.
D, [2021-07-01T20:48:33.315833 #15108] DEBUG -- : MONGODB | There was a change in the members of the 'Unknown' topology.
D, [2021-07-01T20:48:33.316630 #15108] DEBUG -- : MONGODB | Server rocklov-db:27017 initializing.
D, [2021-07-01T20:48:33.321634 #15108] DEBUG -- : MONGODB | Waiting for up to 30.00 seconds for servers to be scanned: #<Cluster topology=Unknown[rocklov-db:27017] servers=[#<Server address=rocklov-db:27017 UNKNOWN>]>
D, [2021-07-01T20:48:33.348704 #15108] DEBUG -- : MONGODB | Server description for rocklov-db:27017 changed from 'unknown' to 'standalone'.
D, [2021-07-01T20:48:33.349725 #15108] DEBUG -- : MONGODB | Topology type 'Unknown' changed to type 'Single'.
D, [2021-07-01T20:48:33.366130 #15108] DEBUG -- : MONGODB | Server description for rocklov-db:27017 changed from 'standalone' to 'standalone'.
D, [2021-07-01T20:48:33.366679 #15108] DEBUG -- : MONGODB | There was a change in the members of the 'Single' topology.
D, [2021-07-01T20:48:33.368799 #15108] DEBUG -- : MONGODB | rocklov-db:27017 req:7 conn:1:1 sconn:26 | rocklov.delete | STARTED | {"delete"=>"users", "ordered"=>true, "deletes"=>[{"q"=>{"email"=>"andreza@icloud.com"}, "limit"=>0}], "$db"=>"rocklov", "lsid"=>{"id"=><BSON::Binary:0x4720 type=uuid data=0x864edc5e4dde4ab5...>}}
D, [2021-07-01T20:48:33.381301 #15108] DEBUG -- : MONGODB | rocklov-db:27017 req:7 | rocklov.delete | SUCCEEDED | 0.012s
D, [2021-07-01T20:48:35.116746 #15108] DEBUG -- : MONGODB | Server description for rocklov-db:27017 changed from 'standalone' to 'standalone'.
D, [2021-07-01T20:48:35.117062 #15108] DEBUG -- : MONGODB | There was a change in the members of the 'Single' topology.
D, [2021-07-01T20:48:35.117889 #15108] DEBUG -- : MONGODB | rocklov-db:27017 req:9 conn:1:2 sconn:28 | admin.endSessions | STARTED | {"endSessions"=>[{"id"=><BSON::Binary:0x4720 type=uuid data=0x864edc5e4dde4ab5...>}], "$db"=>"admin"}
D, [2021-07-01T20:48:35.129385 #15108] DEBUG -- : MONGODB | rocklov-db:27017 req:9 | admin.endSessions | SUCCEEDED | 0.011s
D, [2021-07-01T21:11:01.939656 #19424] DEBUG -- : MONGODB | Topology type 'unknown' initializing.
D, [2021-07-01T21:11:01.996570 #19424] DEBUG -- : MONGODB | There was a change in the members of the 'Unknown' topology.
D, [2021-07-01T21:11:01.997887 #19424] DEBUG -- : MONGODB | Server rocklov-db:27017 initializing.
D, [2021-07-01T21:11:02.004570 #19424] DEBUG -- : MONGODB | Waiting for up to 29.99 seconds for servers to be scanned: #<Cluster topology=Unknown[rocklov-db:27017] servers=[#<Server address=rocklov-db:27017 UNKNOWN>]>
D, [2021-07-01T21:11:02.056916 #19424] DEBUG -- : MONGODB | Server description for rocklov-db:27017 changed from 'unknown' to 'standalone'.
D, [2021-07-01T21:11:02.057631 #19424] DEBUG -- : MONGODB | Topology type 'Unknown' changed to type 'Single'.
D, [2021-07-01T21:11:02.098693 #19424] DEBUG -- : MONGODB | Server description for rocklov-db:27017 changed from 'standalone' to 'standalone'.
D, [2021-07-01T21:11:02.099167 #19424] DEBUG -- : MONGODB | There was a change in the members of the 'Single' topology.
D, [2021-07-01T21:11:02.100751 #19424] DEBUG -- : MONGODB | rocklov-db:27017 req:7 conn:1:1 sconn:31 | rocklov.delete | STARTED | {"delete"=>"users", "ordered"=>true, "deletes"=>[{"q"=>{"email"=>"andreza@icloud.com"}, "limit"=>0}], "$db"=>"rocklov", "lsid"=>{"id"=><BSON::Binary:0x4720 type=uuid data=0x4d94e8df2b6b4742...>}}
D, [2021-07-01T21:11:02.111967 #19424] DEBUG -- : MONGODB | rocklov-db:27017 req:7 | rocklov.delete | SUCCEEDED | 0.011s
D, [2021-07-01T21:11:04.398163 #19424] DEBUG -- : MONGODB | Server description for rocklov-db:27017 changed from 'standalone' to 'standalone'.
D, [2021-07-01T21:11:04.398563 #19424] DEBUG -- : MONGODB | There was a change in the members of the 'Single' topology.
D, [2021-07-01T21:11:04.411656 #19424] DEBUG -- : MONGODB | rocklov-db:27017 req:9 conn:1:2 sconn:33 | admin.endSessions | STARTED | {"endSessions"=>[{"id"=><BSON::Binary:0x4720 type=uuid data=0x4d94e8df2b6b4742...>}], "$db"=>"admin"}
D, [2021-07-01T21:11:04.423055 #19424] DEBUG -- : MONGODB | rocklov-db:27017 req:9 | admin.endSessions | SUCCEEDED | 0.011s
D, [2021-07-02T14:48:29.863542 #19416] DEBUG -- : MONGODB | Topology type 'unknown' initializing.
D, [2021-07-02T14:48:29.937761 #19416] DEBUG -- : MONGODB | There was a change in the members of the 'Unknown' topology.
D, [2021-07-02T14:48:29.938188 #19416] DEBUG -- : MONGODB | Server rocklov-db:27017 initializing.
D, [2021-07-02T14:48:29.940586 #19416] DEBUG -- : MONGODB | Waiting for up to 30.00 seconds for servers to be scanned: #<Cluster topology=Unknown[rocklov-db:27017] servers=[#<Server address=rocklov-db:27017 UNKNOWN>]>
D, [2021-07-02T14:48:29.973992 #19416] DEBUG -- : MONGODB | Server description for rocklov-db:27017 changed from 'unknown' to 'standalone'.
D, [2021-07-02T14:48:29.974976 #19416] DEBUG -- : MONGODB | Topology type 'Unknown' changed to type 'Single'.
D, [2021-07-02T14:48:30.029095 #19416] DEBUG -- : MONGODB | Server description for rocklov-db:27017 changed from 'standalone' to 'standalone'.
D, [2021-07-02T14:48:30.029419 #19416] DEBUG -- : MONGODB | There was a change in the members of the 'Single' topology.
D, [2021-07-02T14:48:30.030494 #19416] DEBUG -- : MONGODB | rocklov-db:27017 req:7 conn:1:1 sconn:38 | rocklov.delete | STARTED | {"delete"=>"users", "ordered"=>true, "deletes"=>[{"q"=>{"email"=>"andreza@gmail.com"}, "limit"=>0}], "$db"=>"rocklov", "lsid"=>{"id"=><BSON::Binary:0x4720 type=uuid data=0xe4bf0e24b6194a0d...>}}
D, [2021-07-02T14:48:30.042311 #19416] DEBUG -- : MONGODB | rocklov-db:27017 req:7 | rocklov.delete | SUCCEEDED | 0.011s
D, [2021-07-02T14:48:31.191434 #19416] DEBUG -- : MONGODB | Server description for rocklov-db:27017 changed from 'standalone' to 'standalone'.
D, [2021-07-02T14:48:31.192017 #19416] DEBUG -- : MONGODB | There was a change in the members of the 'Single' topology.
D, [2021-07-02T14:48:31.206219 #19416] DEBUG -- : MONGODB | rocklov-db:27017 req:9 conn:1:2 sconn:40 | admin.endSessions | STARTED | {"endSessions"=>[{"id"=><BSON::Binary:0x4720 type=uuid data=0xe4bf0e24b6194a0d...>}], "$db"=>"admin"}
D, [2021-07-02T14:48:31.217506 #19416] DEBUG -- : MONGODB | rocklov-db:27017 req:9 | admin.endSessions | SUCCEEDED | 0.011s
D, [2021-07-02T14:50:16.585483 #10552] DEBUG -- : MONGODB | Topology type 'unknown' initializing.
D, [2021-07-02T14:50:16.586335 #10552] DEBUG -- : MONGODB | There was a change in the members of the 'Unknown' topology.
D, [2021-07-02T14:50:16.586738 #10552] DEBUG -- : MONGODB | Server rocklov-db:27017 initializing.
D, [2021-07-02T14:50:16.588391 #10552] DEBUG -- : MONGODB | Waiting for up to 30.00 seconds for servers to be scanned: #<Cluster topology=Unknown[rocklov-db:27017] servers=[#<Server address=rocklov-db:27017 UNKNOWN>]>
D, [2021-07-02T14:50:16.605223 #10552] DEBUG -- : MONGODB | Server description for rocklov-db:27017 changed from 'unknown' to 'standalone'.
D, [2021-07-02T14:50:16.605695 #10552] DEBUG -- : MONGODB | Topology type 'Unknown' changed to type 'Single'.
D, [2021-07-02T14:50:16.621851 #10552] DEBUG -- : MONGODB | Server description for rocklov-db:27017 changed from 'standalone' to 'standalone'.
D, [2021-07-02T14:50:16.622139 #10552] DEBUG -- : MONGODB | There was a change in the members of the 'Single' topology.
D, [2021-07-02T14:50:16.623279 #10552] DEBUG -- : MONGODB | rocklov-db:27017 req:7 conn:1:1 sconn:42 | rocklov.delete | STARTED | {"delete"=>"users", "ordered"=>true, "deletes"=>[{"q"=>{"email"=>"andreza@gmail.com"}, "limit"=>0}], "$db"=>"rocklov", "lsid"=>{"id"=><BSON::Binary:0x4720 type=uuid data=0xb7df8eecdf604915...>}}
D, [2021-07-02T14:50:16.635117 #10552] DEBUG -- : MONGODB | rocklov-db:27017 req:7 | rocklov.delete | SUCCEEDED | 0.011s
D, [2021-07-02T14:50:17.430736 #10552] DEBUG -- : MONGODB | Server description for rocklov-db:27017 changed from 'standalone' to 'standalone'.
D, [2021-07-02T14:50:17.431078 #10552] DEBUG -- : MONGODB | There was a change in the members of the 'Single' topology.
D, [2021-07-02T14:50:17.431774 #10552] DEBUG -- : MONGODB | rocklov-db:27017 req:9 conn:1:2 sconn:43 | admin.endSessions | STARTED | {"endSessions"=>[{"id"=><BSON::Binary:0x4720 type=uuid data=0xb7df8eecdf604915...>}], "$db"=>"admin"}
D, [2021-07-02T14:50:17.443396 #10552] DEBUG -- : MONGODB | rocklov-db:27017 req:9 | admin.endSessions | SUCCEEDED | 0.011s
D, [2021-07-03T11:02:35.090265 #24048] DEBUG -- : MONGODB | Topology type 'unknown' initializing.
D, [2021-07-03T11:02:35.140892 #24048] DEBUG -- : MONGODB | There was a change in the members of the 'Unknown' topology.
D, [2021-07-03T11:02:35.141689 #24048] DEBUG -- : MONGODB | Server rocklov-db:27017 initializing.
D, [2021-07-03T11:02:35.144133 #24048] DEBUG -- : MONGODB | Waiting for up to 30.00 seconds for servers to be scanned: #<Cluster topology=Unknown[rocklov-db:27017] servers=[#<Server address=rocklov-db:27017 UNKNOWN>]>
D, [2021-07-03T11:02:35.172845 #24048] DEBUG -- : MONGODB | Server description for rocklov-db:27017 changed from 'unknown' to 'standalone'.
D, [2021-07-03T11:02:35.173329 #24048] DEBUG -- : MONGODB | Topology type 'Unknown' changed to type 'Single'.
D, [2021-07-03T11:02:35.268806 #24048] DEBUG -- : MONGODB | Server description for rocklov-db:27017 changed from 'standalone' to 'standalone'.
D, [2021-07-03T11:02:35.269160 #24048] DEBUG -- : MONGODB | There was a change in the members of the 'Single' topology.
D, [2021-07-03T11:02:35.270294 #24048] DEBUG -- : MONGODB | rocklov-db:27017 req:7 conn:1:1 sconn:3 | rocklov.delete | STARTED | {"delete"=>"users", "ordered"=>true, "deletes"=>[{"q"=>{"email"=>"andreza@gmail.com"}, "limit"=>0}], "$db"=>"rocklov", "lsid"=>{"id"=><BSON::Binary:0x4740 type=uuid data=0x8775dde18b3f4498...>}}
D, [2021-07-03T11:02:35.356560 #24048] DEBUG -- : MONGODB | rocklov-db:27017 req:7 | rocklov.delete | SUCCEEDED | 0.085s
D, [2021-07-03T11:02:41.878983 #24048] DEBUG -- : MONGODB | Topology type 'unknown' initializing.
D, [2021-07-03T11:02:41.879552 #24048] DEBUG -- : MONGODB | There was a change in the members of the 'Unknown' topology.
D, [2021-07-03T11:02:41.879887 #24048] DEBUG -- : MONGODB | Server rocklov-db:27017 initializing.
D, [2021-07-03T11:02:41.882110 #24048] DEBUG -- : MONGODB | Waiting for up to 30.00 seconds for servers to be scanned: #<Cluster topology=Unknown[rocklov-db:27017] servers=[#<Server address=rocklov-db:27017 UNKNOWN>]>
D, [2021-07-03T11:02:41.899607 #24048] DEBUG -- : MONGODB | Server description for rocklov-db:27017 changed from 'unknown' to 'standalone'.
D, [2021-07-03T11:02:41.900201 #24048] DEBUG -- : MONGODB | Topology type 'Unknown' changed to type 'Single'.
D, [2021-07-03T11:02:41.917095 #24048] DEBUG -- : MONGODB | Server description for rocklov-db:27017 changed from 'standalone' to 'standalone'.
D, [2021-07-03T11:02:41.917424 #24048] DEBUG -- : MONGODB | There was a change in the members of the 'Single' topology.
D, [2021-07-03T11:02:41.918432 #24048] DEBUG -- : MONGODB | rocklov-db:27017 req:10 conn:1:1 sconn:6 | rocklov.delete | STARTED | {"delete"=>"users", "ordered"=>true, "deletes"=>[{"q"=>{"email"=>"andreza@gmail.com"}, "limit"=>0}], "$db"=>"rocklov", "lsid"=>{"id"=><BSON::Binary:0x4860 type=uuid data=0x07f0f8a94eab4547...>}}
D, [2021-07-03T11:02:41.930510 #24048] DEBUG -- : MONGODB | rocklov-db:27017 req:10 | rocklov.delete | SUCCEEDED | 0.012s
D, [2021-07-03T11:02:44.985554 #24048] DEBUG -- : MONGODB | Topology type 'unknown' initializing.
D, [2021-07-03T11:02:44.987053 #24048] DEBUG -- : MONGODB | There was a change in the members of the 'Unknown' topology.
D, [2021-07-03T11:02:44.987914 #24048] DEBUG -- : MONGODB | Server rocklov-db:27017 initializing.
D, [2021-07-03T11:02:44.993213 #24048] DEBUG -- : MONGODB | Waiting for up to 29.99 seconds for servers to be scanned: #<Cluster topology=Unknown[rocklov-db:27017] servers=[#<Server address=rocklov-db:27017 UNKNOWN>]>
D, [2021-07-03T11:02:45.024625 #24048] DEBUG -- : MONGODB | Server description for rocklov-db:27017 changed from 'unknown' to 'standalone'.
D, [2021-07-03T11:02:45.025590 #24048] DEBUG -- : MONGODB | Topology type 'Unknown' changed to type 'Single'.
D, [2021-07-03T11:02:45.047487 #24048] DEBUG -- : MONGODB | Server description for rocklov-db:27017 changed from 'standalone' to 'standalone'.
D, [2021-07-03T11:02:45.048485 #24048] DEBUG -- : MONGODB | There was a change in the members of the 'Single' topology.
D, [2021-07-03T11:02:45.050455 #24048] DEBUG -- : MONGODB | rocklov-db:27017 req:13 conn:1:1 sconn:8 | rocklov.delete | STARTED | {"delete"=>"users", "ordered"=>true, "deletes"=>[{"q"=>{"email"=>""}, "limit"=>0}], "$db"=>"rocklov", "lsid"=>{"id"=><BSON::Binary:0x4980 type=uuid data=0x7d24f5fe8a0f4aa5...>}}
D, [2021-07-03T11:02:45.063632 #24048] DEBUG -- : MONGODB | rocklov-db:27017 req:13 | rocklov.delete | SUCCEEDED | 0.012s
D, [2021-07-03T11:02:45.265080 #24048] DEBUG -- : MONGODB | Server description for rocklov-db:27017 changed from 'standalone' to 'standalone'.
D, [2021-07-03T11:02:45.266140 #24048] DEBUG -- : MONGODB | There was a change in the members of the 'Single' topology.
D, [2021-07-03T11:02:46.496373 #24048] DEBUG -- : MONGODB | Topology type 'unknown' initializing.
D, [2021-07-03T11:02:46.497274 #24048] DEBUG -- : MONGODB | There was a change in the members of the 'Unknown' topology.
D, [2021-07-03T11:02:46.497875 #24048] DEBUG -- : MONGODB | Server rocklov-db:27017 initializing.
D, [2021-07-03T11:02:46.501956 #24048] DEBUG -- : MONGODB | Waiting for up to 30.00 seconds for servers to be scanned: #<Cluster topology=Unknown[rocklov-db:27017] servers=[#<Server address=rocklov-db:27017 UNKNOWN>]>
D, [2021-07-03T11:02:46.522926 #24048] DEBUG -- : MONGODB | Server description for rocklov-db:27017 changed from 'unknown' to 'standalone'.
D, [2021-07-03T11:02:46.523721 #24048] DEBUG -- : MONGODB | Topology type 'Unknown' changed to type 'Single'.
D, [2021-07-03T11:02:46.542288 #24048] DEBUG -- : MONGODB | Server description for rocklov-db:27017 changed from 'standalone' to 'standalone'.
D, [2021-07-03T11:02:46.542976 #24048] DEBUG -- : MONGODB | There was a change in the members of the 'Single' topology.
D, [2021-07-03T11:02:46.544533 #24048] DEBUG -- : MONGODB | rocklov-db:27017 req:16 conn:1:1 sconn:10 | rocklov.delete | STARTED | {"delete"=>"users", "ordered"=>true, "deletes"=>[{"q"=>{"email"=>"andreza&gmail.com"}, "limit"=>0}], "$db"=>"rocklov", "lsid"=>{"id"=><BSON::Binary:0x5120 type=uuid data=0xd121c8fe877c4d0c...>}}
D, [2021-07-03T11:02:46.557174 #24048] DEBUG -- : MONGODB | rocklov-db:27017 req:16 | rocklov.delete | SUCCEEDED | 0.012s
D, [2021-07-03T11:02:48.227103 #24048] DEBUG -- : MONGODB | Topology type 'unknown' initializing.
D, [2021-07-03T11:02:48.227731 #24048] DEBUG -- : MONGODB | There was a change in the members of the 'Unknown' topology.
D, [2021-07-03T11:02:48.228168 #24048] DEBUG -- : MONGODB | Server rocklov-db:27017 initializing.
D, [2021-07-03T11:02:48.230972 #24048] DEBUG -- : MONGODB | Waiting for up to 30.00 seconds for servers to be scanned: #<Cluster topology=Unknown[rocklov-db:27017] servers=[#<Server address=rocklov-db:27017 UNKNOWN>]>
D, [2021-07-03T11:02:48.248062 #24048] DEBUG -- : MONGODB | Server description for rocklov-db:27017 changed from 'unknown' to 'standalone'.
D, [2021-07-03T11:02:48.248562 #24048] DEBUG -- : MONGODB | Topology type 'Unknown' changed to type 'Single'.
D, [2021-07-03T11:02:48.264946 #24048] DEBUG -- : MONGODB | Server description for rocklov-db:27017 changed from 'standalone' to 'standalone'.
D, [2021-07-03T11:02:48.265801 #24048] DEBUG -- : MONGODB | There was a change in the members of the 'Single' topology.
D, [2021-07-03T11:02:48.267239 #24048] DEBUG -- : MONGODB | rocklov-db:27017 req:19 conn:1:1 sconn:12 | rocklov.delete | STARTED | {"delete"=>"users", "ordered"=>true, "deletes"=>[{"q"=>{"email"=>"andreza@gmail.com"}, "limit"=>0}], "$db"=>"rocklov", "lsid"=>{"id"=><BSON::Binary:0x5240 type=uuid data=0xdd3df123b74c41d4...>}}
D, [2021-07-03T11:02:48.279205 #24048] DEBUG -- : MONGODB | rocklov-db:27017 req:19 | rocklov.delete | SUCCEEDED | 0.011s
D, [2021-07-03T11:02:51.915444 #24048] DEBUG -- : MONGODB | Server description for rocklov-db:27017 changed from 'standalone' to 'standalone'.
D, [2021-07-03T11:02:51.916516 #24048] DEBUG -- : MONGODB | There was a change in the members of the 'Single' topology.
D, [2021-07-03T11:02:52.054892 #24048] DEBUG -- : MONGODB | Server description for rocklov-db:27017 changed from 'standalone' to 'standalone'.
D, [2021-07-03T11:02:52.055875 #24048] DEBUG -- : MONGODB | There was a change in the members of the 'Single' topology.
D, [2021-07-03T11:02:52.128800 #24048] DEBUG -- : MONGODB | rocklov-db:27017 req:21 conn:1:2 sconn:13 | admin.endSessions | STARTED | {"endSessions"=>[{"id"=><BSON::Binary:0x5240 type=uuid data=0xdd3df123b74c41d4...>}], "$db"=>"admin"}
D, [2021-07-03T11:02:52.141109 #24048] DEBUG -- : MONGODB | rocklov-db:27017 req:21 | admin.endSessions | SUCCEEDED | 0.011s
D, [2021-07-03T11:02:52.168840 #24048] DEBUG -- : MONGODB | Server description for rocklov-db:27017 changed from 'standalone' to 'standalone'.
D, [2021-07-03T11:02:52.169654 #24048] DEBUG -- : MONGODB | There was a change in the members of the 'Single' topology.
D, [2021-07-03T11:02:52.171318 #24048] DEBUG -- : MONGODB | rocklov-db:27017 req:23 conn:1:2 sconn:14 | admin.endSessions | STARTED | {"endSessions"=>[{"id"=><BSON::Binary:0x5120 type=uuid data=0xd121c8fe877c4d0c...>}], "$db"=>"admin"}
D, [2021-07-03T11:02:52.183831 #24048] DEBUG -- : MONGODB | rocklov-db:27017 req:23 | admin.endSessions | SUCCEEDED | 0.012s
D, [2021-07-03T11:02:52.211111 #24048] DEBUG -- : MONGODB | Server description for rocklov-db:27017 changed from 'standalone' to 'standalone'.
D, [2021-07-03T11:02:52.211975 #24048] DEBUG -- : MONGODB | There was a change in the members of the 'Single' topology.
D, [2021-07-03T11:02:52.213739 #24048] DEBUG -- : MONGODB | rocklov-db:27017 req:25 conn:1:2 sconn:15 | admin.endSessions | STARTED | {"endSessions"=>[{"id"=><BSON::Binary:0x4980 type=uuid data=0x7d24f5fe8a0f4aa5...>}], "$db"=>"admin"}
D, [2021-07-03T11:02:52.225836 #24048] DEBUG -- : MONGODB | rocklov-db:27017 req:25 | admin.endSessions | SUCCEEDED | 0.011s
D, [2021-07-03T11:02:52.249451 #24048] DEBUG -- : MONGODB | Server description for rocklov-db:27017 changed from 'standalone' to 'standalone'.
D, [2021-07-03T11:02:52.250090 #24048] DEBUG -- : MONGODB | There was a change in the members of the 'Single' topology.
D, [2021-07-03T11:02:52.251336 #24048] DEBUG -- : MONGODB | rocklov-db:27017 req:27 conn:1:2 sconn:16 | admin.endSessions | STARTED | {"endSessions"=>[{"id"=><BSON::Binary:0x4860 type=uuid data=0x07f0f8a94eab4547...>}], "$db"=>"admin"}
D, [2021-07-03T11:02:52.263541 #24048] DEBUG -- : MONGODB | rocklov-db:27017 req:27 | admin.endSessions | SUCCEEDED | 0.012s
D, [2021-07-03T11:02:52.291155 #24048] DEBUG -- : MONGODB | Server description for rocklov-db:27017 changed from 'standalone' to 'standalone'.
D, [2021-07-03T11:02:52.292189 #24048] DEBUG -- : MONGODB | There was a change in the members of the 'Single' topology.
D, [2021-07-03T11:02:52.294033 #24048] DEBUG -- : MONGODB | rocklov-db:27017 req:29 conn:1:2 sconn:17 | admin.endSessions | STARTED | {"endSessions"=>[{"id"=><BSON::Binary:0x4740 type=uuid data=0x8775dde18b3f4498...>}], "$db"=>"admin"}
D, [2021-07-03T11:02:52.306963 #24048] DEBUG -- : MONGODB | rocklov-db:27017 req:29 | admin.endSessions | SUCCEEDED | 0.012s
